TN:
SF:server.js
FN:27,(anonymous_0)
FN:32,(anonymous_1)
FN:38,(anonymous_2)
FNF:3
FNH:1
FNDA:2,(anonymous_0)
FNDA:0,(anonymous_1)
FNDA:0,(anonymous_2)
DA:4,1
DA:5,1
DA:7,1
DA:8,1
DA:11,1
DA:14,1
DA:15,1
DA:16,1
DA:18,1
DA:20,1
DA:27,1
DA:28,2
DA:32,1
DA:33,0
DA:36,1
DA:38,0
LF:16
LH:14
BRF:0
BRH:0
end_of_record
TN:
SF:api/v2.js
FN:16,(anonymous_0)
FN:19,(anonymous_1)
FN:23,(anonymous_2)
FN:34,handleGetAll
FN:36,(anonymous_4)
FN:46,handleGetOne
FN:48,(anonymous_6)
FN:52,handlePost
FN:54,(anonymous_8)
FN:58,handlePut
FN:60,(anonymous_10)
FN:64,handleDelete
FN:66,(anonymous_12)
FNF:13
FNH:0
FNDA:0,(anonymous_0)
FNDA:0,(anonymous_1)
FNDA:0,(anonymous_2)
FNDA:0,handleGetAll
FNDA:0,(anonymous_4)
FNDA:0,handleGetOne
FNDA:0,(anonymous_6)
FNDA:0,handlePost
FNDA:0,(anonymous_8)
FNDA:0,handlePut
FNDA:0,(anonymous_10)
FNDA:0,handleDelete
FNDA:0,(anonymous_12)
DA:3,1
DA:5,1
DA:6,1
DA:7,1
DA:8,1
DA:10,1
DA:13,1
DA:16,1
DA:17,0
DA:18,0
DA:19,0
DA:23,1
DA:24,0
DA:27,1
DA:28,1
DA:29,1
DA:30,1
DA:31,1
DA:35,0
DA:37,0
DA:41,0
DA:47,0
DA:48,0
DA:53,0
DA:54,0
DA:59,0
DA:60,0
DA:65,0
DA:66,0
DA:70,1
LF:30
LH:15
BRF:0
BRH:0
end_of_record
TN:
SF:auth/middleware/acl.js
FN:4,(anonymous_0)
FN:5,(anonymous_1)
FNF:2
FNH:1
FNDA:8,(anonymous_0)
FNDA:0,(anonymous_1)
DA:4,1
DA:5,8
DA:6,0
DA:7,0
DA:9,0
LF:5
LH:2
BRDA:6,0,0,0
BRDA:6,0,1,0
BRF:2
BRH:0
end_of_record
TN:
SF:auth/middleware/basic.js
FN:5,(anonymous_0)
FNF:1
FNH:0
FNDA:0,(anonymous_0)
DA:2,1
DA:3,1
DA:5,1
DA:6,0
DA:9,0
DA:10,0
DA:11,0
DA:12,0
DA:15,0
DA:18,0
DA:19,0
DA:20,0
DA:23,0
LF:13
LH:3
BRF:0
BRH:0
end_of_record
TN:
SF:auth/middleware/bearer.js
FN:5,(anonymous_0)
FN:17,(anonymous_1)
FNF:2
FNH:0
FNDA:0,(anonymous_0)
FNDA:0,(anonymous_1)
DA:3,1
DA:5,1
DA:7,0
DA:8,0
DA:10,0
DA:11,0
DA:12,0
DA:13,0
DA:14,0
DA:15,0
DA:16,0
DA:17,0
LF:12
LH:2
BRDA:7,0,0,0
BRDA:7,0,1,0
BRF:2
BRH:0
end_of_record
TN:
SF:auth/models/users-model.js
FN:24,(anonymous_0)
FN:28,(anonymous_1)
FN:33,(anonymous_2)
FN:46,(anonymous_3)
FN:58,(anonymous_4)
FNF:5
FNH:0
FNDA:0,(anonymous_0)
FNDA:0,(anonymous_1)
FNDA:0,(anonymous_2)
FNDA:0,(anonymous_3)
FNDA:0,(anonymous_4)
DA:4,1
DA:5,1
DA:6,1
DA:9,1
DA:16,1
DA:24,1
DA:25,0
DA:28,1
DA:29,0
DA:33,1
DA:36,0
DA:41,0
DA:42,0
DA:46,1
DA:48,0
DA:51,0
DA:52,0
DA:53,0
DA:55,0
DA:58,1
DA:59,0
DA:60,0
DA:63,1
LF:23
LH:11
BRDA:52,0,0,0
BRDA:52,0,1,0
BRF:2
BRH:0
end_of_record
TN:
SF:middelware/model-finder.js
FN:8,(anonymous_0)
FN:17,(anonymous_1)
FN:19,(anonymous_2)
FN:20,(anonymous_3)
FNF:4
FNH:0
FNDA:0,(anonymous_0)
FNDA:0,(anonymous_1)
FNDA:0,(anonymous_2)
FNDA:0,(anonymous_3)
DA:2,1
DA:3,1
DA:4,1
DA:6,1
DA:8,1
DA:9,0
DA:10,0
DA:11,0
DA:12,0
DA:13,0
DA:17,1
DA:18,0
DA:20,0
DA:21,0
DA:27,1
LF:15
LH:7
BRDA:21,0,0,0
BRDA:21,0,1,0
BRF:2
BRH:0
end_of_record
TN:
SF:middelware/signUp.js
FN:3,(anonymous_0)
FNF:1
FNH:0
FNDA:0,(anonymous_0)
DA:2,1
DA:3,1
DA:4,0
DA:6,0
DA:13,0
DA:14,0
DA:16,0
DA:19,0
DA:22,0
DA:25,0
LF:10
LH:2
BRF:0
BRH:0
end_of_record
TN:
SF:middelware/routes/router.js
FN:10,(anonymous_0)
FN:14,(anonymous_1)
FN:22,(anonymous_2)
FN:26,(anonymous_3)
FN:30,(anonymous_4)
FN:34,(anonymous_5)
FNF:6
FNH:0
FNDA:0,(anonymous_0)
FNDA:0,(anonymous_1)
FNDA:0,(anonymous_2)
FNDA:0,(anonymous_3)
FNDA:0,(anonymous_4)
FNDA:0,(anonymous_5)
DA:2,1
DA:3,1
DA:4,1
DA:5,1
DA:6,1
DA:7,1
DA:10,1
DA:14,1
DA:15,0
DA:19,0
DA:22,1
DA:23,0
DA:26,1
DA:27,0
DA:30,1
DA:31,0
DA:34,1
DA:35,0
DA:38,1
LF:19
LH:13
BRF:0
BRH:0
end_of_record
